<?xml version="1.0" encoding="UTF-8"?>
<testsuite name="com.aor.numbers.DivisibleByFilterTest" tests="2" skipped="0" failures="0" errors="0" timestamp="2021-12-08T19:02:46" hostname="LAPTOP-E57OMIBJ" time="0.025">
  <properties/>
  <testcase name="Divisible2()" classname="com.aor.numbers.DivisibleByFilterTest" time="0.023"/>
  <testcase name="Divisible3()" classname="com.aor.numbers.DivisibleByFilterTest" time="0.001"/>
  <system-out><![CDATA[]]></system-out>
  <system-err><![CDATA[]]></system-err>
</testsuite>
