<?xml version="1.0" encoding="UTF-8"?>
<testsuite name="com.aor.numbers.ListAggregatorTest" tests="4" skipped="0" failures="0" errors="0" timestamp="2021-12-06T22:50:15" hostname="LAPTOP-E57OMIBJ" time="0.039">
  <properties/>
  <testcase name="max()" classname="com.aor.numbers.ListAggregatorTest" time="0.03"/>
  <testcase name="min()" classname="com.aor.numbers.ListAggregatorTest" time="0.001"/>
  <testcase name="sum()" classname="com.aor.numbers.ListAggregatorTest" time="0.001"/>
  <testcase name="distinct()" classname="com.aor.numbers.ListAggregatorTest" time="0.004"/>
  <system-out><![CDATA[-1
]]></system-out>
  <system-err><![CDATA[]]></system-err>
</testsuite>
